2026-02-12 02:27:02,930 INFO o.a.j.u.JMeterUtils: Setting Locale to en_EN
2026-02-12 02:27:02,969 INFO o.a.j.JMeter: Loading user properties from: C:\Users\maxma\.bzt\jmeter-taurus\5.5\bin\user.properties
2026-02-12 02:27:02,970 INFO o.a.j.JMeter: Loading system properties from: C:\Users\maxma\.bzt\jmeter-taurus\5.5\bin\system.properties
2026-02-12 02:27:02,971 INFO o.a.j.JMeter: Loading additional properties from: C:\Users\maxma\Desktop\1\2026-02-12_02-26-53.466024\jmeter-bzt.properties
2026-02-12 02:27:02,982 INFO o.a.j.JMeter: Setting System properties from file: C:\Users\maxma\Desktop\1\2026-02-12_02-26-53.466024\system.properties
2026-02-12 02:27:03,008 INFO o.a.j.JMeter: Copyright (c) 1998-2022 The Apache Software Foundation
2026-02-12 02:27:03,011 INFO o.a.j.JMeter: Version 5.5
2026-02-12 02:27:03,011 INFO o.a.j.JMeter: java.version=21.0.2
2026-02-12 02:27:03,011 INFO o.a.j.JMeter: java.vm.name=OpenJDK 64-Bit Server VM
2026-02-12 02:27:03,011 INFO o.a.j.JMeter: os.name=Windows 10
2026-02-12 02:27:03,011 INFO o.a.j.JMeter: os.arch=amd64
2026-02-12 02:27:03,012 INFO o.a.j.JMeter: os.version=10.0
2026-02-12 02:27:03,012 INFO o.a.j.JMeter: file.encoding=UTF-8
2026-02-12 02:27:03,012 INFO o.a.j.JMeter: java.awt.headless=true
2026-02-12 02:27:03,012 INFO o.a.j.JMeter: Max memory     =1073741824
2026-02-12 02:27:03,013 INFO o.a.j.JMeter: Available Processors =4
2026-02-12 02:27:03,046 INFO o.a.j.JMeter: Default Locale=English (EN)
2026-02-12 02:27:03,046 INFO o.a.j.JMeter: JMeter  Locale=English (EN)
2026-02-12 02:27:03,046 INFO o.a.j.JMeter: JMeterHome=C:\Users\maxma\.bzt\jmeter-taurus\5.5
2026-02-12 02:27:03,047 INFO o.a.j.JMeter: user.dir  =C:\Users\maxma\Desktop\1
2026-02-12 02:27:03,048 INFO o.a.j.JMeter: PWD       =C:\Users\maxma\Desktop\1
2026-02-12 02:27:03,158 INFO o.a.j.JMeter: IP: 192.168.8.100 Name: DESKTOP-VGNO04O FullName: 192.168.8.100
2026-02-12 02:27:03,159 INFO o.a.j.JMeter: user.classpath=C:/Users/maxma/Desktop/1/2026-02-12_02-26-53.466024;C:/Users/maxma/Desktop/1/2026-02-12_02-26-53.466024
2026-02-12 02:27:03,159 INFO o.a.j.JMeter: Adding to classpath and loader: C:/Users/maxma/Desktop/1/2026-02-12_02-26-53.466024
2026-02-12 02:27:03,160 INFO o.a.j.JMeter: Adding to classpath and loader: C:/Users/maxma/Desktop/1/2026-02-12_02-26-53.466024
2026-02-12 02:27:03,179 INFO o.a.j.s.FileServer: Default base='C:\Users\maxma\Desktop\1'
2026-02-12 02:27:03,180 INFO o.a.j.s.FileServer: Set new base='C:\Users\maxma\Desktop\1\2026-02-12_02-26-53.466024'
2026-02-12 02:27:03,562 INFO o.a.j.s.SaveService: Testplan (JMX) version: 2.2. Testlog (JTL) version: 2.2
2026-02-12 02:27:03,623 INFO o.a.j.s.SaveService: Using SaveService properties version 5.0
2026-02-12 02:27:03,628 INFO o.a.j.s.SaveService: Using SaveService properties file encoding UTF-8
2026-02-12 02:27:03,630 INFO o.a.j.s.SaveService: Loading file: C:\Users\maxma\Desktop\1\2026-02-12_02-26-53.466024\modified_requests.jmx
2026-02-12 02:27:03,680 INFO o.a.j.p.h.c.CacheManager: Will only cache the following methods: [GET]
2026-02-12 02:27:03,680 INFO o.a.j.p.h.c.CookieManager: Settings: Delete null: true Check: true Allow variable: true Save: false Prefix: COOKIE_
2026-02-12 02:27:03,722 INFO o.a.j.p.h.s.HTTPSamplerBase: Parser for text/html is org.apache.jmeter.protocol.http.parser.LagartoBasedHtmlParser
2026-02-12 02:27:03,722 INFO o.a.j.p.h.s.HTTPSamplerBase: Parser for application/xhtml+xml is org.apache.jmeter.protocol.http.parser.LagartoBasedHtmlParser
2026-02-12 02:27:03,722 INFO o.a.j.p.h.s.HTTPSamplerBase: Parser for application/xml is org.apache.jmeter.protocol.http.parser.LagartoBasedHtmlParser
2026-02-12 02:27:03,722 INFO o.a.j.p.h.s.HTTPSamplerBase: Parser for text/xml is org.apache.jmeter.protocol.http.parser.LagartoBasedHtmlParser
2026-02-12 02:27:03,723 INFO o.a.j.p.h.s.HTTPSamplerBase: Parser for text/vnd.wap.wml is org.apache.jmeter.protocol.http.parser.RegexpHTMLParser
2026-02-12 02:27:03,723 INFO o.a.j.p.h.s.HTTPSamplerBase: Parser for text/css is org.apache.jmeter.protocol.http.parser.CssParser
2026-02-12 02:27:03,775 INFO o.a.j.e.StandardJMeterEngine: Running the test!
2026-02-12 02:27:03,776 INFO o.a.j.s.SampleEvent: List of sample_variables: []
2026-02-12 02:27:03,776 INFO o.a.j.s.SampleEvent: List of sample_variables: []
2026-02-12 02:27:03,780 INFO o.a.j.e.u.CompoundVariable: Note: Function class names must contain the string: '.functions.'
2026-02-12 02:27:03,780 INFO o.a.j.e.u.CompoundVariable: Note: Function class names must not contain the string: '.gui.'
2026-02-12 02:27:03,969 INFO o.a.j.JMeter: Running test (1770859623969)
2026-02-12 02:27:04,010 INFO o.a.j.e.StandardJMeterEngine: Starting ThreadGroup: 1 : api_test
2026-02-12 02:27:04,011 INFO o.a.j.e.StandardJMeterEngine: Starting 1 threads for group api_test.
2026-02-12 02:27:04,011 INFO o.a.j.e.StandardJMeterEngine: Thread will continue on error
2026-02-12 02:27:04,018 INFO o.a.j.e.StandardJMeterEngine: All thread groups have been started
2026-02-12 02:27:04,019 INFO c.b.j.t.c.ConcurrencyThreadStarter: Start supplying threads
2026-02-12 02:27:04,030 INFO o.a.j.s.SampleResult: Note: Sample TimeStamps are START times
2026-02-12 02:27:04,030 INFO o.a.j.s.SampleResult: sampleresult.default.encoding is set to UTF-8
2026-02-12 02:27:04,030 INFO o.a.j.s.SampleResult: sampleresult.useNanoTime=true
2026-02-12 02:27:04,030 INFO o.a.j.s.SampleResult: sampleresult.nanoThreadSleep=5000
2026-02-12 02:27:04,030 INFO o.a.j.t.JMeterThread: Thread started: api_test-ThreadStarter 1-1
2026-02-12 02:27:04,045 WARN k.a.j.t.VariableThroughputTimer: No free threads available in current Thread Group api_test, made 0 samples/s for expected rps 10.0 samples/s, increase your number of threads
2026-02-12 02:27:04,073 INFO o.a.j.p.h.s.HTTPHCAbstractImpl: Local host = DESKTOP-VGNO04O
2026-02-12 02:27:04,083 INFO o.a.j.p.h.s.HTTPHC4Impl: HTTP request retry count = 0
2026-02-12 02:27:04,230 INFO o.a.j.p.h.s.h.LazyLayeredConnectionSocketFactory: Setting up HTTPS TrustAll Socket Factory
2026-02-12 02:27:04,260 INFO o.a.j.u.JsseSSLManager: Using default SSL protocol: TLS
2026-02-12 02:27:04,260 INFO o.a.j.u.JsseSSLManager: SSL session context: per-thread
2026-02-12 02:27:04,380 INFO o.a.j.u.SSLManager: JmeterKeyStore Location:  type JKS
2026-02-12 02:27:04,380 INFO o.a.j.u.SSLManager: KeyStore created OK
2026-02-12 02:27:04,380 WARN o.a.j.u.SSLManager: Keystore file not found, loading empty keystore
2026-02-12 02:27:05,279 WARN k.a.j.t.VariableThroughputTimer: No free threads available in current Thread Group api_test, made 2 samples/s for expected rps 10.0 samples/s, increase your number of threads
2026-02-12 02:27:06,019 WARN k.a.j.t.VariableThroughputTimer: No free threads available in current Thread Group api_test, made 8 samples/s for expected rps 10.0 samples/s, increase your number of threads
2026-02-12 02:27:09,112 WARN k.a.j.t.VariableThroughputTimer: No free threads available in current Thread Group api_test, made 9 samples/s for expected rps 10.0 samples/s, increase your number of threads
2026-02-12 02:27:10,059 WARN k.a.j.t.VariableThroughputTimer: No free threads available in current Thread Group api_test, made 9 samples/s for expected rps 10.0 samples/s, increase your number of threads
2026-02-12 02:27:11,030 WARN k.a.j.t.VariableThroughputTimer: No free threads available in current Thread Group api_test, made 9 samples/s for expected rps 10.0 samples/s, increase your number of threads
2026-02-12 02:27:12,026 WARN k.a.j.t.VariableThroughputTimer: No free threads available in current Thread Group api_test, made 9 samples/s for expected rps 10.0 samples/s, increase your number of threads
2026-02-12 02:27:14,125 INFO c.b.j.t.c.ConcurrencyThreadStarter: Done supplying threads
2026-02-12 02:27:14,268 INFO o.a.j.t.JMeterThread: Thread is done: api_test-ThreadStarter 1-1
2026-02-12 02:27:14,268 INFO o.a.j.t.JMeterThread: Thread finished: api_test-ThreadStarter 1-1
2026-02-12 02:27:14,275 INFO o.a.j.e.StandardJMeterEngine: Notifying test listeners of end of test
2026-02-12 02:27:14,275 INFO o.a.j.e.StandardJMeterEngine: Forced JVM shutdown requested at end of test
