2026-04-25 16:08:37,530 INFO o.a.j.u.JMeterUtils: Setting Locale to en_EN
2026-04-25 16:08:37,658 INFO o.a.j.JMeter: Loading user properties from: C:\Users\maxma\.bzt\jmeter-taurus\5.5\bin\user.properties
2026-04-25 16:08:37,660 INFO o.a.j.JMeter: Loading system properties from: C:\Users\maxma\.bzt\jmeter-taurus\5.5\bin\system.properties
2026-04-25 16:08:37,662 INFO o.a.j.JMeter: Loading additional properties from: C:\Users\maxma\Documents\GitHub\repo-gotowe\2026-04-25_16-08-01.687920\jmeter-bzt.properties
2026-04-25 16:08:37,663 INFO o.a.j.JMeter: Setting System properties from file: C:\Users\maxma\Documents\GitHub\repo-gotowe\2026-04-25_16-08-01.687920\system.properties
2026-04-25 16:08:37,740 INFO o.a.j.JMeter: Copyright (c) 1998-2022 The Apache Software Foundation
2026-04-25 16:08:37,741 INFO o.a.j.JMeter: Version 5.5
2026-04-25 16:08:37,742 INFO o.a.j.JMeter: java.version=1.8.0_482
2026-04-25 16:08:37,742 INFO o.a.j.JMeter: java.vm.name=OpenJDK 64-Bit Server VM
2026-04-25 16:08:37,742 INFO o.a.j.JMeter: os.name=Windows 10
2026-04-25 16:08:37,742 INFO o.a.j.JMeter: os.arch=amd64
2026-04-25 16:08:37,743 INFO o.a.j.JMeter: os.version=10.0
2026-04-25 16:08:37,743 INFO o.a.j.JMeter: file.encoding=Cp1250
2026-04-25 16:08:37,743 INFO o.a.j.JMeter: java.awt.headless=true
2026-04-25 16:08:37,744 INFO o.a.j.JMeter: Max memory     =1073741824
2026-04-25 16:08:37,744 INFO o.a.j.JMeter: Available Processors =4
2026-04-25 16:08:37,774 INFO o.a.j.JMeter: Default Locale=English (EN)
2026-04-25 16:08:37,776 INFO o.a.j.JMeter: JMeter  Locale=English (EN)
2026-04-25 16:08:37,776 INFO o.a.j.JMeter: JMeterHome=C:\Users\maxma\.bzt\jmeter-taurus\5.5
2026-04-25 16:08:37,779 INFO o.a.j.JMeter: user.dir  =C:\Users\maxma\Documents\GitHub\repo-gotowe
2026-04-25 16:08:37,781 INFO o.a.j.JMeter: PWD       =C:\Users\maxma\Documents\GitHub\repo-gotowe
2026-04-25 16:08:37,811 INFO o.a.j.JMeter: IP: 192.168.1.129 Name: DESKTOP-VGNO04O FullName: host.docker.internal
2026-04-25 16:08:37,812 INFO o.a.j.JMeter: user.classpath=C:/Users/maxma/Documents/GitHub/repo-gotowe/2026-04-25_16-08-01.687920;C:/Users/maxma/Documents/GitHub/repo-gotowe/2026-04-25_16-08-01.687920
2026-04-25 16:08:37,813 INFO o.a.j.JMeter: Adding to classpath and loader: C:/Users/maxma/Documents/GitHub/repo-gotowe/2026-04-25_16-08-01.687920
2026-04-25 16:08:37,826 INFO o.a.j.JMeter: Adding to classpath and loader: C:/Users/maxma/Documents/GitHub/repo-gotowe/2026-04-25_16-08-01.687920
2026-04-25 16:08:38,092 INFO o.a.j.s.FileServer: Default base='C:\Users\maxma\Documents\GitHub\repo-gotowe'
2026-04-25 16:08:38,097 INFO o.a.j.s.FileServer: Set new base='C:\Users\maxma\Documents\GitHub\repo-gotowe\2026-04-25_16-08-01.687920'
2026-04-25 16:08:41,320 INFO o.a.j.s.SaveService: Testplan (JMX) version: 2.2. Testlog (JTL) version: 2.2
2026-04-25 16:08:41,590 INFO o.a.j.s.SaveService: Using SaveService properties file encoding UTF-8
2026-04-25 16:08:41,655 INFO o.a.j.s.SaveService: Using SaveService properties version 5.0
2026-04-25 16:08:41,785 INFO o.a.j.s.SaveService: Loading file: C:\Users\maxma\Documents\GitHub\repo-gotowe\2026-04-25_16-08-01.687920\modified_requests.jmx
2026-04-25 16:08:42,470 INFO o.a.j.p.h.c.CacheManager: Will only cache the following methods: [GET]
2026-04-25 16:08:42,502 INFO o.a.j.p.h.c.CookieManager: Settings: Delete null: true Check: true Allow variable: true Save: false Prefix: COOKIE_
2026-04-25 16:08:42,656 INFO o.a.j.p.h.s.HTTPSamplerBase: Parser for text/html is org.apache.jmeter.protocol.http.parser.LagartoBasedHtmlParser
2026-04-25 16:08:42,656 INFO o.a.j.p.h.s.HTTPSamplerBase: Parser for application/xhtml+xml is org.apache.jmeter.protocol.http.parser.LagartoBasedHtmlParser
2026-04-25 16:08:42,656 INFO o.a.j.p.h.s.HTTPSamplerBase: Parser for application/xml is org.apache.jmeter.protocol.http.parser.LagartoBasedHtmlParser
2026-04-25 16:08:42,656 INFO o.a.j.p.h.s.HTTPSamplerBase: Parser for text/xml is org.apache.jmeter.protocol.http.parser.LagartoBasedHtmlParser
2026-04-25 16:08:42,656 INFO o.a.j.p.h.s.HTTPSamplerBase: Parser for text/vnd.wap.wml is org.apache.jmeter.protocol.http.parser.RegexpHTMLParser
2026-04-25 16:08:42,656 INFO o.a.j.p.h.s.HTTPSamplerBase: Parser for text/css is org.apache.jmeter.protocol.http.parser.CssParser
2026-04-25 16:08:45,649 INFO o.a.j.e.StandardJMeterEngine: Running the test!
2026-04-25 16:08:45,649 INFO o.a.j.s.SampleEvent: List of sample_variables: []
2026-04-25 16:08:45,649 INFO o.a.j.s.SampleEvent: List of sample_variables: []
2026-04-25 16:08:45,690 INFO o.a.j.e.u.CompoundVariable: Note: Function class names must contain the string: '.functions.'
2026-04-25 16:08:45,690 INFO o.a.j.e.u.CompoundVariable: Note: Function class names must not contain the string: '.gui.'
2026-04-25 16:08:47,741 INFO o.a.j.JMeter: Running test (1777126127741)
2026-04-25 16:08:47,943 INFO o.a.j.e.StandardJMeterEngine: Starting ThreadGroup: 1 : api_test
2026-04-25 16:08:47,943 INFO o.a.j.e.StandardJMeterEngine: Starting 10 threads for group api_test.
2026-04-25 16:08:47,947 INFO o.a.j.e.StandardJMeterEngine: Thread will continue on error
2026-04-25 16:08:47,947 INFO o.a.j.e.StandardJMeterEngine: All thread groups have been started
2026-04-25 16:08:47,947 INFO c.b.j.t.c.ConcurrencyThreadStarter: Start supplying threads
2026-04-25 16:08:49,497 INFO o.a.j.s.SampleResult: Note: Sample TimeStamps are START times
2026-04-25 16:08:49,497 INFO o.a.j.s.SampleResult: sampleresult.default.encoding is set to UTF-8
2026-04-25 16:08:49,497 INFO o.a.j.s.SampleResult: sampleresult.useNanoTime=true
2026-04-25 16:08:49,497 INFO o.a.j.s.SampleResult: sampleresult.nanoThreadSleep=5000
2026-04-25 16:08:49,497 INFO o.a.j.t.JMeterThread: Thread started: api_test-ThreadStarter 1-1
2026-04-25 16:08:49,513 WARN k.a.j.t.VariableThroughputTimer: No free threads available in current Thread Group api_test, made 0 samples/s for expected rps 1.0 samples/s, increase your number of threads
2026-04-25 16:08:49,582 INFO o.a.j.p.h.s.HTTPHCAbstractImpl: Local host = DESKTOP-VGNO04O
2026-04-25 16:08:49,597 INFO o.a.j.p.h.s.HTTPHC4Impl: HTTP request retry count = 0
2026-04-25 16:08:49,897 INFO o.a.j.p.h.s.h.LazyLayeredConnectionSocketFactory: Setting up HTTPS TrustAll Socket Factory
2026-04-25 16:08:49,914 INFO o.a.j.u.JsseSSLManager: Using default SSL protocol: TLS
2026-04-25 16:08:49,914 INFO o.a.j.u.JsseSSLManager: SSL session context: per-thread
2026-04-25 16:08:50,513 INFO o.a.j.u.SSLManager: JmeterKeyStore Location:  type JKS
2026-04-25 16:08:50,530 INFO o.a.j.u.SSLManager: KeyStore created OK
2026-04-25 16:08:50,543 WARN o.a.j.u.SSLManager: Keystore file not found, loading empty keystore
2026-04-25 16:08:52,580 INFO o.a.j.t.JMeterThread: Thread started: api_test-ThreadStarter 1-2
2026-04-25 16:08:52,580 WARN k.a.j.t.VariableThroughputTimer: No free threads available in current Thread Group api_test, made 1 samples/s for expected rps 5.9 samples/s, increase your number of threads
2026-04-25 16:08:54,480 WARN k.a.j.t.VariableThroughputTimer: No free threads available in current Thread Group api_test, made 1 samples/s for expected rps 9.166666666666666 samples/s, increase your number of threads
2026-04-25 16:08:55,004 WARN k.a.j.t.VariableThroughputTimer: No free threads available in current Thread Group api_test, made 9 samples/s for expected rps 10.8 samples/s, increase your number of threads
2026-04-25 16:08:55,619 INFO o.a.j.t.JMeterThread: Thread started: api_test-ThreadStarter 1-3
2026-04-25 16:08:58,710 INFO o.a.j.t.JMeterThread: Thread started: api_test-ThreadStarter 1-4
2026-04-25 16:09:01,741 INFO o.a.j.t.JMeterThread: Thread started: api_test-ThreadStarter 1-5
2026-04-25 16:09:04,776 INFO o.a.j.t.JMeterThread: Thread started: api_test-ThreadStarter 1-6
2026-04-25 16:09:07,852 INFO o.a.j.t.JMeterThread: Thread started: api_test-ThreadStarter 1-7
2026-04-25 16:09:10,887 INFO o.a.j.t.JMeterThread: Thread started: api_test-ThreadStarter 1-8
2026-04-25 16:09:14,104 INFO o.a.j.t.JMeterThread: Thread started: api_test-ThreadStarter 1-9
2026-04-25 16:09:17,071 INFO o.a.j.t.JMeterThread: Thread started: api_test-ThreadStarter 1-10
2026-04-25 16:11:18,278 INFO c.b.j.t.c.ConcurrencyThreadStarter: Done supplying threads
2026-04-25 16:11:18,294 INFO o.a.j.t.JMeterThread: Thread is done: api_test-ThreadStarter 1-6
2026-04-25 16:11:18,294 INFO o.a.j.t.JMeterThread: Thread finished: api_test-ThreadStarter 1-6
2026-04-25 16:11:18,310 INFO o.a.j.t.JMeterThread: Thread is done: api_test-ThreadStarter 1-9
2026-04-25 16:11:18,310 INFO o.a.j.t.JMeterThread: Thread finished: api_test-ThreadStarter 1-9
2026-04-25 16:11:18,310 INFO o.a.j.t.JMeterThread: Thread is done: api_test-ThreadStarter 1-3
2026-04-25 16:11:18,325 INFO o.a.j.t.JMeterThread: Thread finished: api_test-ThreadStarter 1-3
2026-04-25 16:11:18,341 INFO o.a.j.t.JMeterThread: Thread is done: api_test-ThreadStarter 1-1
2026-04-25 16:11:18,341 INFO o.a.j.t.JMeterThread: Thread finished: api_test-ThreadStarter 1-1
2026-04-25 16:11:18,426 INFO o.a.j.t.JMeterThread: Thread is done: api_test-ThreadStarter 1-8
2026-04-25 16:11:18,426 INFO o.a.j.t.JMeterThread: Thread finished: api_test-ThreadStarter 1-8
2026-04-25 16:11:18,503 INFO o.a.j.t.JMeterThread: Thread is done: api_test-ThreadStarter 1-5
2026-04-25 16:11:18,503 INFO o.a.j.t.JMeterThread: Thread finished: api_test-ThreadStarter 1-5
2026-04-25 16:11:18,519 INFO o.a.j.t.JMeterThread: Thread is done: api_test-ThreadStarter 1-7
2026-04-25 16:11:18,519 INFO o.a.j.t.JMeterThread: Thread finished: api_test-ThreadStarter 1-7
2026-04-25 16:11:18,519 INFO o.a.j.t.JMeterThread: Thread is done: api_test-ThreadStarter 1-2
2026-04-25 16:11:18,519 INFO o.a.j.t.JMeterThread: Thread finished: api_test-ThreadStarter 1-2
2026-04-25 16:11:18,534 INFO o.a.j.t.JMeterThread: Thread is done: api_test-ThreadStarter 1-4
2026-04-25 16:11:18,534 INFO o.a.j.t.JMeterThread: Thread finished: api_test-ThreadStarter 1-4
2026-04-25 16:11:18,624 INFO o.a.j.t.JMeterThread: Thread is done: api_test-ThreadStarter 1-10
2026-04-25 16:11:18,624 INFO o.a.j.t.JMeterThread: Thread finished: api_test-ThreadStarter 1-10
2026-04-25 16:11:18,624 INFO o.a.j.e.StandardJMeterEngine: Notifying test listeners of end of test
2026-04-25 16:11:18,639 INFO o.a.j.e.StandardJMeterEngine: Forced JVM shutdown requested at end of test
