2026-02-12 02:22:53,916 INFO o.a.j.u.JMeterUtils: Setting Locale to en_EN
2026-02-12 02:22:53,963 INFO o.a.j.JMeter: Loading user properties from: C:\Users\maxma\.bzt\jmeter-taurus\5.5\bin\user.properties
2026-02-12 02:22:53,963 INFO o.a.j.JMeter: Loading system properties from: C:\Users\maxma\.bzt\jmeter-taurus\5.5\bin\system.properties
2026-02-12 02:22:53,963 INFO o.a.j.JMeter: Loading additional properties from: C:\Users\maxma\Desktop\1\2026-02-12_02-22-43.824403\jmeter-bzt.properties
2026-02-12 02:22:53,979 INFO o.a.j.JMeter: Setting System properties from file: C:\Users\maxma\Desktop\1\2026-02-12_02-22-43.824403\system.properties
2026-02-12 02:22:54,016 INFO o.a.j.JMeter: Copyright (c) 1998-2022 The Apache Software Foundation
2026-02-12 02:22:54,017 INFO o.a.j.JMeter: Version 5.5
2026-02-12 02:22:54,017 INFO o.a.j.JMeter: java.version=21.0.2
2026-02-12 02:22:54,017 INFO o.a.j.JMeter: java.vm.name=OpenJDK 64-Bit Server VM
2026-02-12 02:22:54,017 INFO o.a.j.JMeter: os.name=Windows 10
2026-02-12 02:22:54,017 INFO o.a.j.JMeter: os.arch=amd64
2026-02-12 02:22:54,017 INFO o.a.j.JMeter: os.version=10.0
2026-02-12 02:22:54,017 INFO o.a.j.JMeter: file.encoding=UTF-8
2026-02-12 02:22:54,017 INFO o.a.j.JMeter: java.awt.headless=true
2026-02-12 02:22:54,019 INFO o.a.j.JMeter: Max memory     =1073741824
2026-02-12 02:22:54,019 INFO o.a.j.JMeter: Available Processors =4
2026-02-12 02:22:54,039 INFO o.a.j.JMeter: Default Locale=English (EN)
2026-02-12 02:22:54,039 INFO o.a.j.JMeter: JMeter  Locale=English (EN)
2026-02-12 02:22:54,039 INFO o.a.j.JMeter: JMeterHome=C:\Users\maxma\.bzt\jmeter-taurus\5.5
2026-02-12 02:22:54,039 INFO o.a.j.JMeter: user.dir  =C:\Users\maxma\Desktop\1
2026-02-12 02:22:54,039 INFO o.a.j.JMeter: PWD       =C:\Users\maxma\Desktop\1
2026-02-12 02:22:54,142 INFO o.a.j.JMeter: IP: 192.168.8.100 Name: DESKTOP-VGNO04O FullName: 192.168.8.100
2026-02-12 02:22:54,142 INFO o.a.j.JMeter: user.classpath=C:/Users/maxma/Desktop/1/2026-02-12_02-22-43.824403;C:/Users/maxma/Desktop/1/2026-02-12_02-22-43.824403
2026-02-12 02:22:54,142 INFO o.a.j.JMeter: Adding to classpath and loader: C:/Users/maxma/Desktop/1/2026-02-12_02-22-43.824403
2026-02-12 02:22:54,142 INFO o.a.j.JMeter: Adding to classpath and loader: C:/Users/maxma/Desktop/1/2026-02-12_02-22-43.824403
2026-02-12 02:22:54,176 INFO o.a.j.s.FileServer: Default base='C:\Users\maxma\Desktop\1'
2026-02-12 02:22:54,178 INFO o.a.j.s.FileServer: Set new base='C:\Users\maxma\Desktop\1\2026-02-12_02-22-43.824403'
2026-02-12 02:22:54,721 INFO o.a.j.s.SaveService: Testplan (JMX) version: 2.2. Testlog (JTL) version: 2.2
2026-02-12 02:22:54,804 INFO o.a.j.s.SaveService: Using SaveService properties version 5.0
2026-02-12 02:22:54,804 INFO o.a.j.s.SaveService: Using SaveService properties file encoding UTF-8
2026-02-12 02:22:54,820 INFO o.a.j.s.SaveService: Loading file: C:\Users\maxma\Desktop\1\2026-02-12_02-22-43.824403\modified_requests.jmx
2026-02-12 02:22:54,920 INFO o.a.j.p.h.c.CacheManager: Will only cache the following methods: [GET]
2026-02-12 02:22:54,920 INFO o.a.j.p.h.c.CookieManager: Settings: Delete null: true Check: true Allow variable: true Save: false Prefix: COOKIE_
2026-02-12 02:22:54,953 INFO o.a.j.p.h.s.HTTPSamplerBase: Parser for text/html is org.apache.jmeter.protocol.http.parser.LagartoBasedHtmlParser
2026-02-12 02:22:54,953 INFO o.a.j.p.h.s.HTTPSamplerBase: Parser for application/xhtml+xml is org.apache.jmeter.protocol.http.parser.LagartoBasedHtmlParser
2026-02-12 02:22:54,953 INFO o.a.j.p.h.s.HTTPSamplerBase: Parser for application/xml is org.apache.jmeter.protocol.http.parser.LagartoBasedHtmlParser
2026-02-12 02:22:54,953 INFO o.a.j.p.h.s.HTTPSamplerBase: Parser for text/xml is org.apache.jmeter.protocol.http.parser.LagartoBasedHtmlParser
2026-02-12 02:22:54,953 INFO o.a.j.p.h.s.HTTPSamplerBase: Parser for text/vnd.wap.wml is org.apache.jmeter.protocol.http.parser.RegexpHTMLParser
2026-02-12 02:22:54,953 INFO o.a.j.p.h.s.HTTPSamplerBase: Parser for text/css is org.apache.jmeter.protocol.http.parser.CssParser
2026-02-12 02:22:55,004 INFO o.a.j.e.StandardJMeterEngine: Running the test!
2026-02-12 02:22:55,004 INFO o.a.j.s.SampleEvent: List of sample_variables: []
2026-02-12 02:22:55,004 INFO o.a.j.s.SampleEvent: List of sample_variables: []
2026-02-12 02:22:55,020 INFO o.a.j.e.u.CompoundVariable: Note: Function class names must contain the string: '.functions.'
2026-02-12 02:22:55,020 INFO o.a.j.e.u.CompoundVariable: Note: Function class names must not contain the string: '.gui.'
2026-02-12 02:22:55,306 INFO o.a.j.JMeter: Running test (1770859375306)
2026-02-12 02:22:55,358 INFO o.a.j.e.StandardJMeterEngine: Starting ThreadGroup: 1 : api_test
2026-02-12 02:22:55,358 INFO o.a.j.e.StandardJMeterEngine: Starting 1 threads for group api_test.
2026-02-12 02:22:55,358 INFO o.a.j.e.StandardJMeterEngine: Thread will continue on error
2026-02-12 02:22:55,358 INFO o.a.j.e.StandardJMeterEngine: All thread groups have been started
2026-02-12 02:22:55,358 INFO c.b.j.t.c.ConcurrencyThreadStarter: Start supplying threads
2026-02-12 02:22:55,388 INFO o.a.j.s.SampleResult: Note: Sample TimeStamps are START times
2026-02-12 02:22:55,388 INFO o.a.j.s.SampleResult: sampleresult.default.encoding is set to UTF-8
2026-02-12 02:22:55,389 INFO o.a.j.s.SampleResult: sampleresult.useNanoTime=true
2026-02-12 02:22:55,389 INFO o.a.j.s.SampleResult: sampleresult.nanoThreadSleep=5000
2026-02-12 02:22:55,398 INFO o.a.j.t.JMeterThread: Thread started: api_test-ThreadStarter 1-1
2026-02-12 02:22:55,404 WARN k.a.j.t.VariableThroughputTimer: No free threads available in current Thread Group api_test, made 0 samples/s for expected rps 10.0 samples/s, increase your number of threads
2026-02-12 02:22:55,420 INFO o.a.j.p.h.s.HTTPHCAbstractImpl: Local host = DESKTOP-VGNO04O
2026-02-12 02:22:55,435 INFO o.a.j.p.h.s.HTTPHC4Impl: HTTP request retry count = 0
2026-02-12 02:22:55,590 INFO o.a.j.p.h.s.h.LazyLayeredConnectionSocketFactory: Setting up HTTPS TrustAll Socket Factory
2026-02-12 02:22:55,590 INFO o.a.j.u.JsseSSLManager: Using default SSL protocol: TLS
2026-02-12 02:22:55,590 INFO o.a.j.u.JsseSSLManager: SSL session context: per-thread
2026-02-12 02:22:55,762 INFO o.a.j.u.SSLManager: JmeterKeyStore Location:  type JKS
2026-02-12 02:22:55,762 INFO o.a.j.u.SSLManager: KeyStore created OK
2026-02-12 02:22:55,762 WARN o.a.j.u.SSLManager: Keystore file not found, loading empty keystore
2026-02-12 02:22:56,221 WARN k.a.j.t.VariableThroughputTimer: No free threads available in current Thread Group api_test, made 1 samples/s for expected rps 10.0 samples/s, increase your number of threads
2026-02-12 02:22:57,088 WARN k.a.j.t.VariableThroughputTimer: No free threads available in current Thread Group api_test, made 6 samples/s for expected rps 10.0 samples/s, increase your number of threads
2026-02-12 02:23:00,035 WARN k.a.j.t.VariableThroughputTimer: No free threads available in current Thread Group api_test, made 9 samples/s for expected rps 10.0 samples/s, increase your number of threads
2026-02-12 02:23:05,001 WARN k.a.j.t.VariableThroughputTimer: No free threads available in current Thread Group api_test, made 9 samples/s for expected rps 10.0 samples/s, increase your number of threads
2026-02-12 02:23:05,486 INFO c.b.j.t.c.ConcurrencyThreadStarter: Done supplying threads
2026-02-12 02:23:05,618 INFO o.a.j.t.JMeterThread: Thread is done: api_test-ThreadStarter 1-1
2026-02-12 02:23:05,618 INFO o.a.j.t.JMeterThread: Thread finished: api_test-ThreadStarter 1-1
2026-02-12 02:23:05,618 INFO o.a.j.e.StandardJMeterEngine: Notifying test listeners of end of test
2026-02-12 02:23:05,618 INFO o.a.j.e.StandardJMeterEngine: Forced JVM shutdown requested at end of test
