2026-02-12 03:19:47,134 INFO o.a.j.u.JMeterUtils: Setting Locale to en_EN
2026-02-12 03:19:47,190 INFO o.a.j.JMeter: Loading user properties from: C:\Users\maxma\.bzt\jmeter-taurus\5.5\bin\user.properties
2026-02-12 03:19:47,191 INFO o.a.j.JMeter: Loading system properties from: C:\Users\maxma\.bzt\jmeter-taurus\5.5\bin\system.properties
2026-02-12 03:19:47,191 INFO o.a.j.JMeter: Loading additional properties from: C:\Users\maxma\Desktop\1\2026-02-12_03-19-35.259395\jmeter-bzt.properties
2026-02-12 03:19:47,211 INFO o.a.j.JMeter: Setting System properties from file: C:\Users\maxma\Desktop\1\2026-02-12_03-19-35.259395\system.properties
2026-02-12 03:19:47,227 INFO o.a.j.JMeter: Copyright (c) 1998-2022 The Apache Software Foundation
2026-02-12 03:19:47,243 INFO o.a.j.JMeter: Version 5.5
2026-02-12 03:19:47,243 INFO o.a.j.JMeter: java.version=21.0.2
2026-02-12 03:19:47,243 INFO o.a.j.JMeter: java.vm.name=OpenJDK 64-Bit Server VM
2026-02-12 03:19:47,243 INFO o.a.j.JMeter: os.name=Windows 10
2026-02-12 03:19:47,243 INFO o.a.j.JMeter: os.arch=amd64
2026-02-12 03:19:47,243 INFO o.a.j.JMeter: os.version=10.0
2026-02-12 03:19:47,243 INFO o.a.j.JMeter: file.encoding=UTF-8
2026-02-12 03:19:47,243 INFO o.a.j.JMeter: java.awt.headless=true
2026-02-12 03:19:47,243 INFO o.a.j.JMeter: Max memory     =1073741824
2026-02-12 03:19:47,243 INFO o.a.j.JMeter: Available Processors =4
2026-02-12 03:19:47,249 INFO o.a.j.JMeter: Default Locale=English (EN)
2026-02-12 03:19:47,249 INFO o.a.j.JMeter: JMeter  Locale=English (EN)
2026-02-12 03:19:47,249 INFO o.a.j.JMeter: JMeterHome=C:\Users\maxma\.bzt\jmeter-taurus\5.5
2026-02-12 03:19:47,249 INFO o.a.j.JMeter: user.dir  =C:\Users\maxma\Desktop\1
2026-02-12 03:19:47,249 INFO o.a.j.JMeter: PWD       =C:\Users\maxma\Desktop\1
2026-02-12 03:19:47,937 INFO o.a.j.JMeter: IP: 192.168.8.100 Name: DESKTOP-VGNO04O FullName: 192.168.8.100
2026-02-12 03:19:47,937 INFO o.a.j.JMeter: user.classpath=C:/Users/maxma/Desktop/1/2026-02-12_03-19-35.259395;C:/Users/maxma/Desktop/1/2026-02-12_03-19-35.259395
2026-02-12 03:19:47,937 INFO o.a.j.JMeter: Adding to classpath and loader: C:/Users/maxma/Desktop/1/2026-02-12_03-19-35.259395
2026-02-12 03:19:47,937 INFO o.a.j.JMeter: Adding to classpath and loader: C:/Users/maxma/Desktop/1/2026-02-12_03-19-35.259395
2026-02-12 03:19:47,984 INFO o.a.j.s.FileServer: Default base='C:\Users\maxma\Desktop\1'
2026-02-12 03:19:47,984 INFO o.a.j.s.FileServer: Set new base='C:\Users\maxma\Desktop\1\2026-02-12_03-19-35.259395'
2026-02-12 03:19:48,431 INFO o.a.j.s.SaveService: Testplan (JMX) version: 2.2. Testlog (JTL) version: 2.2
2026-02-12 03:19:48,478 INFO o.a.j.s.SaveService: Using SaveService properties version 5.0
2026-02-12 03:19:48,494 INFO o.a.j.s.SaveService: Using SaveService properties file encoding UTF-8
2026-02-12 03:19:48,494 INFO o.a.j.s.SaveService: Loading file: C:\Users\maxma\Desktop\1\2026-02-12_03-19-35.259395\modified_requests.jmx
2026-02-12 03:19:48,572 INFO o.a.j.p.h.c.CacheManager: Will only cache the following methods: [GET]
2026-02-12 03:19:48,572 INFO o.a.j.p.h.c.CookieManager: Settings: Delete null: true Check: true Allow variable: true Save: false Prefix: COOKIE_
2026-02-12 03:19:48,603 INFO o.a.j.p.h.s.HTTPSamplerBase: Parser for text/html is org.apache.jmeter.protocol.http.parser.LagartoBasedHtmlParser
2026-02-12 03:19:48,603 INFO o.a.j.p.h.s.HTTPSamplerBase: Parser for application/xhtml+xml is org.apache.jmeter.protocol.http.parser.LagartoBasedHtmlParser
2026-02-12 03:19:48,603 INFO o.a.j.p.h.s.HTTPSamplerBase: Parser for application/xml is org.apache.jmeter.protocol.http.parser.LagartoBasedHtmlParser
2026-02-12 03:19:48,603 INFO o.a.j.p.h.s.HTTPSamplerBase: Parser for text/xml is org.apache.jmeter.protocol.http.parser.LagartoBasedHtmlParser
2026-02-12 03:19:48,603 INFO o.a.j.p.h.s.HTTPSamplerBase: Parser for text/vnd.wap.wml is org.apache.jmeter.protocol.http.parser.RegexpHTMLParser
2026-02-12 03:19:48,603 INFO o.a.j.p.h.s.HTTPSamplerBase: Parser for text/css is org.apache.jmeter.protocol.http.parser.CssParser
2026-02-12 03:19:48,666 INFO o.a.j.e.StandardJMeterEngine: Running the test!
2026-02-12 03:19:48,666 INFO o.a.j.s.SampleEvent: List of sample_variables: []
2026-02-12 03:19:48,666 INFO o.a.j.s.SampleEvent: List of sample_variables: []
2026-02-12 03:19:48,681 INFO o.a.j.e.u.CompoundVariable: Note: Function class names must contain the string: '.functions.'
2026-02-12 03:19:48,681 INFO o.a.j.e.u.CompoundVariable: Note: Function class names must not contain the string: '.gui.'
2026-02-12 03:19:48,922 INFO o.a.j.JMeter: Running test (1770862788922)
2026-02-12 03:19:48,969 INFO o.a.j.e.StandardJMeterEngine: Starting ThreadGroup: 1 : api_test
2026-02-12 03:19:48,969 INFO o.a.j.e.StandardJMeterEngine: Starting 1 threads for group api_test.
2026-02-12 03:19:48,969 INFO o.a.j.e.StandardJMeterEngine: Thread will continue on error
2026-02-12 03:19:48,969 INFO o.a.j.e.StandardJMeterEngine: All thread groups have been started
2026-02-12 03:19:48,969 INFO c.b.j.t.c.ConcurrencyThreadStarter: Start supplying threads
2026-02-12 03:19:48,969 INFO o.a.j.s.SampleResult: Note: Sample TimeStamps are START times
2026-02-12 03:19:48,969 INFO o.a.j.s.SampleResult: sampleresult.default.encoding is set to UTF-8
2026-02-12 03:19:48,969 INFO o.a.j.s.SampleResult: sampleresult.useNanoTime=true
2026-02-12 03:19:48,969 INFO o.a.j.s.SampleResult: sampleresult.nanoThreadSleep=5000
2026-02-12 03:19:48,983 INFO o.a.j.t.JMeterThread: Thread started: api_test-ThreadStarter 1-1
2026-02-12 03:19:48,985 WARN k.a.j.t.VariableThroughputTimer: No free threads available in current Thread Group api_test, made 0 samples/s for expected rps 10.0 samples/s, increase your number of threads
2026-02-12 03:19:49,000 INFO o.a.j.p.h.s.HTTPHCAbstractImpl: Local host = DESKTOP-VGNO04O
2026-02-12 03:19:49,018 INFO o.a.j.p.h.s.HTTPHC4Impl: HTTP request retry count = 0
2026-02-12 03:19:49,201 INFO o.a.j.p.h.s.h.LazyLayeredConnectionSocketFactory: Setting up HTTPS TrustAll Socket Factory
2026-02-12 03:19:49,201 INFO o.a.j.u.JsseSSLManager: Using default SSL protocol: TLS
2026-02-12 03:19:49,201 INFO o.a.j.u.JsseSSLManager: SSL session context: per-thread
2026-02-12 03:19:49,388 INFO o.a.j.u.SSLManager: JmeterKeyStore Location:  type JKS
2026-02-12 03:19:49,388 INFO o.a.j.u.SSLManager: KeyStore created OK
2026-02-12 03:19:49,388 WARN o.a.j.u.SSLManager: Keystore file not found, loading empty keystore
2026-02-12 03:19:49,998 WARN k.a.j.t.VariableThroughputTimer: No free threads available in current Thread Group api_test, made 1 samples/s for expected rps 10.0 samples/s, increase your number of threads
2026-02-12 03:19:50,150 WARN k.a.j.t.VariableThroughputTimer: No free threads available in current Thread Group api_test, made 1 samples/s for expected rps 10.0 samples/s, increase your number of threads
2026-02-12 03:19:59,129 INFO c.b.j.t.c.ConcurrencyThreadStarter: Done supplying threads
2026-02-12 03:19:59,137 INFO o.a.j.t.JMeterThread: Thread is done: api_test-ThreadStarter 1-1
2026-02-12 03:19:59,137 INFO o.a.j.t.JMeterThread: Thread finished: api_test-ThreadStarter 1-1
2026-02-12 03:19:59,137 INFO o.a.j.e.StandardJMeterEngine: Notifying test listeners of end of test
2026-02-12 03:19:59,144 INFO o.a.j.e.StandardJMeterEngine: Forced JVM shutdown requested at end of test
