2026-02-12 02:28:17,836 INFO o.a.j.u.JMeterUtils: Setting Locale to en_EN
2026-02-12 02:28:17,952 INFO o.a.j.JMeter: Loading user properties from: C:\Users\maxma\.bzt\jmeter-taurus\5.5\bin\user.properties
2026-02-12 02:28:17,953 INFO o.a.j.JMeter: Loading system properties from: C:\Users\maxma\.bzt\jmeter-taurus\5.5\bin\system.properties
2026-02-12 02:28:17,953 INFO o.a.j.JMeter: Loading additional properties from: C:\Users\maxma\Desktop\1\2026-02-12_02-28-00.691882\jmeter-bzt.properties
2026-02-12 02:28:17,980 INFO o.a.j.JMeter: Setting System properties from file: C:\Users\maxma\Desktop\1\2026-02-12_02-28-00.691882\system.properties
2026-02-12 02:28:17,994 INFO o.a.j.JMeter: Copyright (c) 1998-2022 The Apache Software Foundation
2026-02-12 02:28:17,994 INFO o.a.j.JMeter: Version 5.5
2026-02-12 02:28:17,994 INFO o.a.j.JMeter: java.version=21.0.2
2026-02-12 02:28:17,994 INFO o.a.j.JMeter: java.vm.name=OpenJDK 64-Bit Server VM
2026-02-12 02:28:17,994 INFO o.a.j.JMeter: os.name=Windows 10
2026-02-12 02:28:17,994 INFO o.a.j.JMeter: os.arch=amd64
2026-02-12 02:28:17,994 INFO o.a.j.JMeter: os.version=10.0
2026-02-12 02:28:17,994 INFO o.a.j.JMeter: file.encoding=UTF-8
2026-02-12 02:28:17,994 INFO o.a.j.JMeter: java.awt.headless=true
2026-02-12 02:28:17,994 INFO o.a.j.JMeter: Max memory     =1073741824
2026-02-12 02:28:17,994 INFO o.a.j.JMeter: Available Processors =4
2026-02-12 02:28:18,078 INFO o.a.j.JMeter: Default Locale=English (EN)
2026-02-12 02:28:18,078 INFO o.a.j.JMeter: JMeter  Locale=English (EN)
2026-02-12 02:28:18,078 INFO o.a.j.JMeter: JMeterHome=C:\Users\maxma\.bzt\jmeter-taurus\5.5
2026-02-12 02:28:18,078 INFO o.a.j.JMeter: user.dir  =C:\Users\maxma\Desktop\1
2026-02-12 02:28:18,078 INFO o.a.j.JMeter: PWD       =C:\Users\maxma\Desktop\1
2026-02-12 02:28:18,191 INFO o.a.j.JMeter: IP: 192.168.8.100 Name: DESKTOP-VGNO04O FullName: 192.168.8.100
2026-02-12 02:28:18,192 INFO o.a.j.JMeter: user.classpath=C:/Users/maxma/Desktop/1/2026-02-12_02-28-00.691882;C:/Users/maxma/Desktop/1/2026-02-12_02-28-00.691882
2026-02-12 02:28:18,192 INFO o.a.j.JMeter: Adding to classpath and loader: C:/Users/maxma/Desktop/1/2026-02-12_02-28-00.691882
2026-02-12 02:28:18,200 INFO o.a.j.JMeter: Adding to classpath and loader: C:/Users/maxma/Desktop/1/2026-02-12_02-28-00.691882
2026-02-12 02:28:18,306 INFO o.a.j.s.FileServer: Default base='C:\Users\maxma\Desktop\1'
2026-02-12 02:28:18,312 INFO o.a.j.s.FileServer: Set new base='C:\Users\maxma\Desktop\1\2026-02-12_02-28-00.691882'
2026-02-12 02:28:19,301 INFO o.a.j.s.SaveService: Testplan (JMX) version: 2.2. Testlog (JTL) version: 2.2
2026-02-12 02:28:19,450 INFO o.a.j.s.SaveService: Using SaveService properties version 5.0
2026-02-12 02:28:19,458 INFO o.a.j.s.SaveService: Using SaveService properties file encoding UTF-8
2026-02-12 02:28:19,460 INFO o.a.j.s.SaveService: Loading file: C:\Users\maxma\Desktop\1\2026-02-12_02-28-00.691882\modified_requests.jmx
2026-02-12 02:28:19,601 INFO o.a.j.p.h.c.CacheManager: Will only cache the following methods: [GET]
2026-02-12 02:28:19,603 INFO o.a.j.p.h.c.CookieManager: Settings: Delete null: true Check: true Allow variable: true Save: false Prefix: COOKIE_
2026-02-12 02:28:19,644 INFO o.a.j.p.h.s.HTTPSamplerBase: Parser for text/html is org.apache.jmeter.protocol.http.parser.LagartoBasedHtmlParser
2026-02-12 02:28:19,644 INFO o.a.j.p.h.s.HTTPSamplerBase: Parser for application/xhtml+xml is org.apache.jmeter.protocol.http.parser.LagartoBasedHtmlParser
2026-02-12 02:28:19,644 INFO o.a.j.p.h.s.HTTPSamplerBase: Parser for application/xml is org.apache.jmeter.protocol.http.parser.LagartoBasedHtmlParser
2026-02-12 02:28:19,644 INFO o.a.j.p.h.s.HTTPSamplerBase: Parser for text/xml is org.apache.jmeter.protocol.http.parser.LagartoBasedHtmlParser
2026-02-12 02:28:19,644 INFO o.a.j.p.h.s.HTTPSamplerBase: Parser for text/vnd.wap.wml is org.apache.jmeter.protocol.http.parser.RegexpHTMLParser
2026-02-12 02:28:19,644 INFO o.a.j.p.h.s.HTTPSamplerBase: Parser for text/css is org.apache.jmeter.protocol.http.parser.CssParser
2026-02-12 02:28:19,719 INFO o.a.j.e.StandardJMeterEngine: Running the test!
2026-02-12 02:28:19,735 INFO o.a.j.s.SampleEvent: List of sample_variables: []
2026-02-12 02:28:19,735 INFO o.a.j.s.SampleEvent: List of sample_variables: []
2026-02-12 02:28:19,749 INFO o.a.j.e.u.CompoundVariable: Note: Function class names must contain the string: '.functions.'
2026-02-12 02:28:19,749 INFO o.a.j.e.u.CompoundVariable: Note: Function class names must not contain the string: '.gui.'
2026-02-12 02:28:20,249 INFO o.a.j.JMeter: Running test (1770859700249)
2026-02-12 02:28:20,295 INFO o.a.j.e.StandardJMeterEngine: Starting ThreadGroup: 1 : api_performance
2026-02-12 02:28:20,299 INFO o.a.j.e.StandardJMeterEngine: Starting 5 threads for group api_performance.
2026-02-12 02:28:20,299 INFO o.a.j.e.StandardJMeterEngine: Thread will continue on error
2026-02-12 02:28:20,304 INFO o.a.j.e.StandardJMeterEngine: All thread groups have been started
2026-02-12 02:28:20,304 INFO c.b.j.t.c.ConcurrencyThreadStarter: Start supplying threads
2026-02-12 02:28:21,334 INFO o.a.j.s.SampleResult: Note: Sample TimeStamps are START times
2026-02-12 02:28:21,335 INFO o.a.j.s.SampleResult: sampleresult.default.encoding is set to UTF-8
2026-02-12 02:28:21,335 INFO o.a.j.s.SampleResult: sampleresult.useNanoTime=true
2026-02-12 02:28:21,335 INFO o.a.j.s.SampleResult: sampleresult.nanoThreadSleep=5000
2026-02-12 02:28:21,335 INFO o.a.j.t.JMeterThread: Thread started: api_performance-ThreadStarter 1-1
2026-02-12 02:28:21,374 INFO o.a.j.p.h.s.HTTPHCAbstractImpl: Local host = DESKTOP-VGNO04O
2026-02-12 02:28:21,379 INFO o.a.j.p.h.s.HTTPHC4Impl: HTTP request retry count = 0
2026-02-12 02:28:21,469 INFO o.a.j.p.h.s.h.LazyLayeredConnectionSocketFactory: Setting up HTTPS TrustAll Socket Factory
2026-02-12 02:28:21,479 INFO o.a.j.u.JsseSSLManager: Using default SSL protocol: TLS
2026-02-12 02:28:21,479 INFO o.a.j.u.JsseSSLManager: SSL session context: per-thread
2026-02-12 02:28:21,608 INFO o.a.j.u.SSLManager: JmeterKeyStore Location:  type JKS
2026-02-12 02:28:21,615 INFO o.a.j.u.SSLManager: KeyStore created OK
2026-02-12 02:28:21,615 WARN o.a.j.u.SSLManager: Keystore file not found, loading empty keystore
2026-02-12 02:28:23,357 INFO o.a.j.t.JMeterThread: Thread started: api_performance-ThreadStarter 1-2
2026-02-12 02:28:25,370 INFO o.a.j.t.JMeterThread: Thread started: api_performance-ThreadStarter 1-3
2026-02-12 02:28:27,452 INFO o.a.j.t.JMeterThread: Thread started: api_performance-ThreadStarter 1-4
2026-02-12 02:28:29,481 INFO o.a.j.t.JMeterThread: Thread started: api_performance-ThreadStarter 1-5
2026-02-12 02:29:00,792 INFO c.b.j.t.c.ConcurrencyThreadStarter: Done supplying threads
2026-02-12 02:29:00,792 INFO o.a.j.t.JMeterThread: Thread is done: api_performance-ThreadStarter 1-1
2026-02-12 02:29:00,792 INFO o.a.j.t.JMeterThread: Thread finished: api_performance-ThreadStarter 1-1
2026-02-12 02:29:00,797 INFO o.a.j.t.JMeterThread: Thread is done: api_performance-ThreadStarter 1-5
2026-02-12 02:29:00,797 INFO o.a.j.t.JMeterThread: Thread finished: api_performance-ThreadStarter 1-5
2026-02-12 02:29:00,798 INFO o.a.j.t.JMeterThread: Thread is done: api_performance-ThreadStarter 1-4
2026-02-12 02:29:00,798 INFO o.a.j.t.JMeterThread: Thread finished: api_performance-ThreadStarter 1-4
2026-02-12 02:29:00,799 INFO o.a.j.t.JMeterThread: Thread is done: api_performance-ThreadStarter 1-2
2026-02-12 02:29:00,799 INFO o.a.j.t.JMeterThread: Thread finished: api_performance-ThreadStarter 1-2
2026-02-12 02:29:00,805 INFO o.a.j.t.JMeterThread: Thread is done: api_performance-ThreadStarter 1-3
2026-02-12 02:29:00,805 INFO o.a.j.t.JMeterThread: Thread finished: api_performance-ThreadStarter 1-3
2026-02-12 02:29:00,806 INFO o.a.j.e.StandardJMeterEngine: Notifying test listeners of end of test
2026-02-12 02:29:00,808 INFO o.a.j.e.StandardJMeterEngine: Forced JVM shutdown requested at end of test
