2026-02-12 02:28:17,961 INFO o.a.j.u.JMeterUtils: Setting Locale to en_EN
2026-02-12 02:28:18,028 INFO o.a.j.JMeter: Loading user properties from: C:\Users\maxma\.bzt\jmeter-taurus\5.5\bin\user.properties
2026-02-12 02:28:18,045 INFO o.a.j.JMeter: Loading system properties from: C:\Users\maxma\.bzt\jmeter-taurus\5.5\bin\system.properties
2026-02-12 02:28:18,045 INFO o.a.j.JMeter: Loading additional properties from: C:\Users\maxma\Desktop\1\2026-02-12_02-28-00.691882\jmeter-bzt-1.properties
2026-02-12 02:28:18,078 INFO o.a.j.JMeter: Setting System properties from file: C:\Users\maxma\Desktop\1\2026-02-12_02-28-00.691882\system-1.properties
2026-02-12 02:28:18,105 INFO o.a.j.JMeter: Copyright (c) 1998-2022 The Apache Software Foundation
2026-02-12 02:28:18,106 INFO o.a.j.JMeter: Version 5.5
2026-02-12 02:28:18,106 INFO o.a.j.JMeter: java.version=21.0.2
2026-02-12 02:28:18,106 INFO o.a.j.JMeter: java.vm.name=OpenJDK 64-Bit Server VM
2026-02-12 02:28:18,106 INFO o.a.j.JMeter: os.name=Windows 10
2026-02-12 02:28:18,106 INFO o.a.j.JMeter: os.arch=amd64
2026-02-12 02:28:18,106 INFO o.a.j.JMeter: os.version=10.0
2026-02-12 02:28:18,106 INFO o.a.j.JMeter: file.encoding=UTF-8
2026-02-12 02:28:18,106 INFO o.a.j.JMeter: java.awt.headless=true
2026-02-12 02:28:18,107 INFO o.a.j.JMeter: Max memory     =1073741824
2026-02-12 02:28:18,107 INFO o.a.j.JMeter: Available Processors =4
2026-02-12 02:28:18,137 INFO o.a.j.JMeter: Default Locale=English (EN)
2026-02-12 02:28:18,138 INFO o.a.j.JMeter: JMeter  Locale=English (EN)
2026-02-12 02:28:18,138 INFO o.a.j.JMeter: JMeterHome=C:\Users\maxma\.bzt\jmeter-taurus\5.5
2026-02-12 02:28:18,138 INFO o.a.j.JMeter: user.dir  =C:\Users\maxma\Desktop\1
2026-02-12 02:28:18,139 INFO o.a.j.JMeter: PWD       =C:\Users\maxma\Desktop\1
2026-02-12 02:28:18,190 INFO o.a.j.JMeter: IP: 192.168.8.100 Name: DESKTOP-VGNO04O FullName: 192.168.8.100
2026-02-12 02:28:18,198 INFO o.a.j.JMeter: user.classpath=C:/Users/maxma/Desktop/1/2026-02-12_02-28-00.691882;C:/Users/maxma/Desktop/1/2026-02-12_02-28-00.691882
2026-02-12 02:28:18,200 INFO o.a.j.JMeter: Adding to classpath and loader: C:/Users/maxma/Desktop/1/2026-02-12_02-28-00.691882
2026-02-12 02:28:18,202 INFO o.a.j.JMeter: Adding to classpath and loader: C:/Users/maxma/Desktop/1/2026-02-12_02-28-00.691882
2026-02-12 02:28:18,295 INFO o.a.j.s.FileServer: Default base='C:\Users\maxma\Desktop\1'
2026-02-12 02:28:18,296 INFO o.a.j.s.FileServer: Set new base='C:\Users\maxma\Desktop\1\2026-02-12_02-28-00.691882'
2026-02-12 02:28:19,397 INFO o.a.j.s.SaveService: Testplan (JMX) version: 2.2. Testlog (JTL) version: 2.2
2026-02-12 02:28:19,507 INFO o.a.j.s.SaveService: Using SaveService properties version 5.0
2026-02-12 02:28:19,523 INFO o.a.j.s.SaveService: Using SaveService properties file encoding UTF-8
2026-02-12 02:28:19,523 INFO o.a.j.s.SaveService: Loading file: C:\Users\maxma\Desktop\1\2026-02-12_02-28-00.691882\modified_requests-1.jmx
2026-02-12 02:28:19,625 INFO o.a.j.p.h.c.CacheManager: Will only cache the following methods: [GET]
2026-02-12 02:28:19,634 INFO o.a.j.p.h.c.CookieManager: Settings: Delete null: true Check: true Allow variable: true Save: false Prefix: COOKIE_
2026-02-12 02:28:19,679 INFO o.a.j.p.h.s.HTTPSamplerBase: Parser for text/html is org.apache.jmeter.protocol.http.parser.LagartoBasedHtmlParser
2026-02-12 02:28:19,679 INFO o.a.j.p.h.s.HTTPSamplerBase: Parser for application/xhtml+xml is org.apache.jmeter.protocol.http.parser.LagartoBasedHtmlParser
2026-02-12 02:28:19,679 INFO o.a.j.p.h.s.HTTPSamplerBase: Parser for application/xml is org.apache.jmeter.protocol.http.parser.LagartoBasedHtmlParser
2026-02-12 02:28:19,679 INFO o.a.j.p.h.s.HTTPSamplerBase: Parser for text/xml is org.apache.jmeter.protocol.http.parser.LagartoBasedHtmlParser
2026-02-12 02:28:19,684 INFO o.a.j.p.h.s.HTTPSamplerBase: Parser for text/vnd.wap.wml is org.apache.jmeter.protocol.http.parser.RegexpHTMLParser
2026-02-12 02:28:19,684 INFO o.a.j.p.h.s.HTTPSamplerBase: Parser for text/css is org.apache.jmeter.protocol.http.parser.CssParser
2026-02-12 02:28:19,789 INFO o.a.j.e.StandardJMeterEngine: Running the test!
2026-02-12 02:28:19,789 INFO o.a.j.s.SampleEvent: List of sample_variables: []
2026-02-12 02:28:19,789 INFO o.a.j.s.SampleEvent: List of sample_variables: []
2026-02-12 02:28:19,804 INFO o.a.j.e.u.CompoundVariable: Note: Function class names must contain the string: '.functions.'
2026-02-12 02:28:19,804 INFO o.a.j.e.u.CompoundVariable: Note: Function class names must not contain the string: '.gui.'
2026-02-12 02:28:20,168 INFO o.a.j.JMeter: Running test (1770859700168)
2026-02-12 02:28:20,230 INFO o.a.j.e.StandardJMeterEngine: Starting ThreadGroup: 1 : load_test
2026-02-12 02:28:20,230 INFO o.a.j.e.StandardJMeterEngine: Starting 10 threads for group load_test.
2026-02-12 02:28:20,230 INFO o.a.j.e.StandardJMeterEngine: Thread will continue on error
2026-02-12 02:28:20,239 INFO o.a.j.e.StandardJMeterEngine: All thread groups have been started
2026-02-12 02:28:20,244 INFO c.b.j.t.c.ConcurrencyThreadStarter: Start supplying threads
2026-02-12 02:28:21,769 INFO o.a.j.s.SampleResult: Note: Sample TimeStamps are START times
2026-02-12 02:28:21,769 INFO o.a.j.t.JMeterThread: Thread started: load_test-ThreadStarter 1-1
2026-02-12 02:28:21,769 INFO o.a.j.s.SampleResult: sampleresult.default.encoding is set to UTF-8
2026-02-12 02:28:21,769 INFO o.a.j.s.SampleResult: sampleresult.useNanoTime=true
2026-02-12 02:28:21,769 INFO o.a.j.s.SampleResult: sampleresult.nanoThreadSleep=5000
2026-02-12 02:28:21,776 WARN k.a.j.t.VariableThroughputTimer: No free threads available in current Thread Group load_test, made 0 samples/s for expected rps 1.0 samples/s, increase your number of threads
2026-02-12 02:28:21,804 INFO o.a.j.p.h.s.HTTPHCAbstractImpl: Local host = DESKTOP-VGNO04O
2026-02-12 02:28:21,814 INFO o.a.j.p.h.s.HTTPHC4Impl: HTTP request retry count = 0
2026-02-12 02:28:22,000 INFO o.a.j.p.h.s.h.LazyLayeredConnectionSocketFactory: Setting up HTTPS TrustAll Socket Factory
2026-02-12 02:28:22,005 INFO o.a.j.u.JsseSSLManager: Using default SSL protocol: TLS
2026-02-12 02:28:22,005 INFO o.a.j.u.JsseSSLManager: SSL session context: per-thread
2026-02-12 02:28:22,265 INFO o.a.j.u.SSLManager: JmeterKeyStore Location:  type JKS
2026-02-12 02:28:22,296 INFO o.a.j.u.SSLManager: KeyStore created OK
2026-02-12 02:28:22,296 WARN o.a.j.u.SSLManager: Keystore file not found, loading empty keystore
2026-02-12 02:28:22,848 WARN k.a.j.t.VariableThroughputTimer: No free threads available in current Thread Group load_test, made 1 samples/s for expected rps 4.3 samples/s, increase your number of threads
2026-02-12 02:28:23,222 WARN k.a.j.t.VariableThroughputTimer: No free threads available in current Thread Group load_test, made 5 samples/s for expected rps 7.6 samples/s, increase your number of threads
2026-02-12 02:28:24,083 WARN k.a.j.t.VariableThroughputTimer: No free threads available in current Thread Group load_test, made 8 samples/s for expected rps 10.9 samples/s, increase your number of threads
2026-02-12 02:28:24,810 INFO o.a.j.t.JMeterThread: Thread started: load_test-ThreadStarter 1-2
2026-02-12 02:28:25,006 WARN k.a.j.t.VariableThroughputTimer: No free threads available in current Thread Group load_test, made 11 samples/s for expected rps 14.2 samples/s, increase your number of threads
2026-02-12 02:28:27,819 INFO o.a.j.t.JMeterThread: Thread started: load_test-ThreadStarter 1-3
2026-02-12 02:28:29,006 WARN k.a.j.t.VariableThroughputTimer: No free threads available in current Thread Group load_test, made 24 samples/s for expected rps 27.4 samples/s, increase your number of threads
2026-02-12 02:28:30,824 INFO o.a.j.t.JMeterThread: Thread started: load_test-ThreadStarter 1-4
2026-02-12 02:28:33,844 INFO o.a.j.t.JMeterThread: Thread started: load_test-ThreadStarter 1-5
2026-02-12 02:28:36,859 INFO o.a.j.t.JMeterThread: Thread started: load_test-ThreadStarter 1-6
2026-02-12 02:28:39,878 INFO o.a.j.t.JMeterThread: Thread started: load_test-ThreadStarter 1-7
2026-02-12 02:28:42,894 INFO o.a.j.t.JMeterThread: Thread started: load_test-ThreadStarter 1-8
2026-02-12 02:28:45,899 INFO o.a.j.t.JMeterThread: Thread started: load_test-ThreadStarter 1-9
2026-02-12 02:28:48,902 INFO o.a.j.t.JMeterThread: Thread started: load_test-ThreadStarter 1-10
2026-02-12 02:30:22,126 WARN k.a.j.t.VariableThroughputTimer: No free threads available in current Thread Group load_test, made 89 samples/s for expected rps 100.0 samples/s, increase your number of threads
2026-02-12 02:30:51,018 INFO c.b.j.t.c.ConcurrencyThreadStarter: Done supplying threads
2026-02-12 02:30:51,020 INFO o.a.j.t.JMeterThread: Thread is done: load_test-ThreadStarter 1-1
2026-02-12 02:30:51,020 INFO o.a.j.t.JMeterThread: Thread finished: load_test-ThreadStarter 1-1
2026-02-12 02:30:51,033 INFO o.a.j.t.JMeterThread: Thread is done: load_test-ThreadStarter 1-7
2026-02-12 02:30:51,033 INFO o.a.j.t.JMeterThread: Thread finished: load_test-ThreadStarter 1-7
2026-02-12 02:30:51,043 INFO o.a.j.t.JMeterThread: Thread is done: load_test-ThreadStarter 1-4
2026-02-12 02:30:51,043 INFO o.a.j.t.JMeterThread: Thread finished: load_test-ThreadStarter 1-4
2026-02-12 02:30:51,066 INFO o.a.j.t.JMeterThread: Thread is done: load_test-ThreadStarter 1-8
2026-02-12 02:30:51,066 INFO o.a.j.t.JMeterThread: Thread finished: load_test-ThreadStarter 1-8
2026-02-12 02:30:51,067 INFO o.a.j.t.JMeterThread: Thread is done: load_test-ThreadStarter 1-10
2026-02-12 02:30:51,067 INFO o.a.j.t.JMeterThread: Thread finished: load_test-ThreadStarter 1-10
2026-02-12 02:30:51,078 INFO o.a.j.t.JMeterThread: Thread is done: load_test-ThreadStarter 1-3
2026-02-12 02:30:51,078 INFO o.a.j.t.JMeterThread: Thread finished: load_test-ThreadStarter 1-3
2026-02-12 02:30:51,080 INFO o.a.j.t.JMeterThread: Thread is done: load_test-ThreadStarter 1-2
2026-02-12 02:30:51,080 INFO o.a.j.t.JMeterThread: Thread finished: load_test-ThreadStarter 1-2
2026-02-12 02:30:51,103 INFO o.a.j.t.JMeterThread: Thread is done: load_test-ThreadStarter 1-6
2026-02-12 02:30:51,103 INFO o.a.j.t.JMeterThread: Thread finished: load_test-ThreadStarter 1-6
2026-02-12 02:30:51,103 INFO o.a.j.t.JMeterThread: Thread is done: load_test-ThreadStarter 1-9
2026-02-12 02:30:51,103 INFO o.a.j.t.JMeterThread: Thread finished: load_test-ThreadStarter 1-9
2026-02-12 02:30:51,103 INFO o.a.j.t.JMeterThread: Thread is done: load_test-ThreadStarter 1-5
2026-02-12 02:30:51,103 INFO o.a.j.t.JMeterThread: Thread finished: load_test-ThreadStarter 1-5
2026-02-12 02:30:51,103 INFO o.a.j.e.StandardJMeterEngine: Notifying test listeners of end of test
2026-02-12 02:30:51,103 INFO o.a.j.e.StandardJMeterEngine: Forced JVM shutdown requested at end of test
