2026-02-12 03:25:27,333 INFO o.a.j.u.JMeterUtils: Setting Locale to en_EN
2026-02-12 03:25:27,384 INFO o.a.j.JMeter: Loading user properties from: C:\Users\maxma\.bzt\jmeter-taurus\5.5\bin\user.properties
2026-02-12 03:25:27,384 INFO o.a.j.JMeter: Loading system properties from: C:\Users\maxma\.bzt\jmeter-taurus\5.5\bin\system.properties
2026-02-12 03:25:27,384 INFO o.a.j.JMeter: Loading additional properties from: C:\Users\maxma\Desktop\1\2026-02-12_03-25-04.457645\jmeter-bzt.properties
2026-02-12 03:25:27,444 INFO o.a.j.JMeter: Setting System properties from file: C:\Users\maxma\Desktop\1\2026-02-12_03-25-04.457645\system.properties
2026-02-12 03:25:27,463 INFO o.a.j.JMeter: Copyright (c) 1998-2022 The Apache Software Foundation
2026-02-12 03:25:27,463 INFO o.a.j.JMeter: Version 5.5
2026-02-12 03:25:27,464 INFO o.a.j.JMeter: java.version=21.0.2
2026-02-12 03:25:27,464 INFO o.a.j.JMeter: java.vm.name=OpenJDK 64-Bit Server VM
2026-02-12 03:25:27,464 INFO o.a.j.JMeter: os.name=Windows 10
2026-02-12 03:25:27,464 INFO o.a.j.JMeter: os.arch=amd64
2026-02-12 03:25:27,464 INFO o.a.j.JMeter: os.version=10.0
2026-02-12 03:25:27,464 INFO o.a.j.JMeter: file.encoding=UTF-8
2026-02-12 03:25:27,465 INFO o.a.j.JMeter: java.awt.headless=true
2026-02-12 03:25:27,465 INFO o.a.j.JMeter: Max memory     =1073741824
2026-02-12 03:25:27,465 INFO o.a.j.JMeter: Available Processors =4
2026-02-12 03:25:27,492 INFO o.a.j.JMeter: Default Locale=English (EN)
2026-02-12 03:25:27,494 INFO o.a.j.JMeter: JMeter  Locale=English (EN)
2026-02-12 03:25:27,494 INFO o.a.j.JMeter: JMeterHome=C:\Users\maxma\.bzt\jmeter-taurus\5.5
2026-02-12 03:25:27,494 INFO o.a.j.JMeter: user.dir  =C:\Users\maxma\Desktop\1
2026-02-12 03:25:27,494 INFO o.a.j.JMeter: PWD       =C:\Users\maxma\Desktop\1
2026-02-12 03:25:27,624 INFO o.a.j.JMeter: IP: 192.168.8.100 Name: DESKTOP-VGNO04O FullName: 192.168.8.100
2026-02-12 03:25:27,624 INFO o.a.j.JMeter: user.classpath=C:/Users/maxma/Desktop/1/2026-02-12_03-25-04.457645;C:/Users/maxma/Desktop/1/2026-02-12_03-25-04.457645
2026-02-12 03:25:27,624 INFO o.a.j.JMeter: Adding to classpath and loader: C:/Users/maxma/Desktop/1/2026-02-12_03-25-04.457645
2026-02-12 03:25:27,640 INFO o.a.j.JMeter: Adding to classpath and loader: C:/Users/maxma/Desktop/1/2026-02-12_03-25-04.457645
2026-02-12 03:25:27,671 INFO o.a.j.s.FileServer: Default base='C:\Users\maxma\Desktop\1'
2026-02-12 03:25:27,671 INFO o.a.j.s.FileServer: Set new base='C:\Users\maxma\Desktop\1\2026-02-12_03-25-04.457645'
2026-02-12 03:25:28,888 INFO o.a.j.s.SaveService: Testplan (JMX) version: 2.2. Testlog (JTL) version: 2.2
2026-02-12 03:25:29,060 INFO o.a.j.s.SaveService: Using SaveService properties version 5.0
2026-02-12 03:25:29,071 INFO o.a.j.s.SaveService: Using SaveService properties file encoding UTF-8
2026-02-12 03:25:29,077 INFO o.a.j.s.SaveService: Loading file: C:\Users\maxma\Desktop\1\2026-02-12_03-25-04.457645\modified_requests.jmx
2026-02-12 03:25:29,204 INFO o.a.j.p.h.c.CacheManager: Will only cache the following methods: [GET]
2026-02-12 03:25:29,204 INFO o.a.j.p.h.c.CookieManager: Settings: Delete null: true Check: true Allow variable: true Save: false Prefix: COOKIE_
2026-02-12 03:25:29,259 INFO o.a.j.p.h.s.HTTPSamplerBase: Parser for text/html is org.apache.jmeter.protocol.http.parser.LagartoBasedHtmlParser
2026-02-12 03:25:29,259 INFO o.a.j.p.h.s.HTTPSamplerBase: Parser for application/xhtml+xml is org.apache.jmeter.protocol.http.parser.LagartoBasedHtmlParser
2026-02-12 03:25:29,259 INFO o.a.j.p.h.s.HTTPSamplerBase: Parser for application/xml is org.apache.jmeter.protocol.http.parser.LagartoBasedHtmlParser
2026-02-12 03:25:29,260 INFO o.a.j.p.h.s.HTTPSamplerBase: Parser for text/xml is org.apache.jmeter.protocol.http.parser.LagartoBasedHtmlParser
2026-02-12 03:25:29,260 INFO o.a.j.p.h.s.HTTPSamplerBase: Parser for text/vnd.wap.wml is org.apache.jmeter.protocol.http.parser.RegexpHTMLParser
2026-02-12 03:25:29,260 INFO o.a.j.p.h.s.HTTPSamplerBase: Parser for text/css is org.apache.jmeter.protocol.http.parser.CssParser
2026-02-12 03:25:29,363 INFO o.a.j.e.StandardJMeterEngine: Running the test!
2026-02-12 03:25:29,364 INFO o.a.j.s.SampleEvent: List of sample_variables: []
2026-02-12 03:25:29,365 INFO o.a.j.s.SampleEvent: List of sample_variables: []
2026-02-12 03:25:29,381 INFO o.a.j.e.u.CompoundVariable: Note: Function class names must contain the string: '.functions.'
2026-02-12 03:25:29,381 INFO o.a.j.e.u.CompoundVariable: Note: Function class names must not contain the string: '.gui.'
2026-02-12 03:25:30,136 INFO o.a.j.JMeter: Running test (1770863130136)
2026-02-12 03:25:30,508 INFO o.a.j.e.StandardJMeterEngine: Starting ThreadGroup: 1 : api_performance
2026-02-12 03:25:30,508 INFO o.a.j.e.StandardJMeterEngine: Starting 5 threads for group api_performance.
2026-02-12 03:25:30,508 INFO o.a.j.e.StandardJMeterEngine: Thread will continue on error
2026-02-12 03:25:30,513 INFO o.a.j.e.StandardJMeterEngine: All thread groups have been started
2026-02-12 03:25:30,707 INFO c.b.j.t.c.ConcurrencyThreadStarter: Start supplying threads
2026-02-12 03:25:31,733 INFO o.a.j.t.JMeterThread: Thread started: api_performance-ThreadStarter 1-1
2026-02-12 03:25:31,733 INFO o.a.j.s.SampleResult: Note: Sample TimeStamps are START times
2026-02-12 03:25:31,733 INFO o.a.j.s.SampleResult: sampleresult.default.encoding is set to UTF-8
2026-02-12 03:25:31,733 INFO o.a.j.s.SampleResult: sampleresult.useNanoTime=true
2026-02-12 03:25:31,733 INFO o.a.j.s.SampleResult: sampleresult.nanoThreadSleep=5000
2026-02-12 03:25:31,766 INFO o.a.j.p.h.s.HTTPHCAbstractImpl: Local host = DESKTOP-VGNO04O
2026-02-12 03:25:31,782 INFO o.a.j.p.h.s.HTTPHC4Impl: HTTP request retry count = 0
2026-02-12 03:25:31,915 INFO o.a.j.p.h.s.h.LazyLayeredConnectionSocketFactory: Setting up HTTPS TrustAll Socket Factory
2026-02-12 03:25:31,915 INFO o.a.j.u.JsseSSLManager: Using default SSL protocol: TLS
2026-02-12 03:25:31,915 INFO o.a.j.u.JsseSSLManager: SSL session context: per-thread
2026-02-12 03:25:32,084 INFO o.a.j.u.SSLManager: JmeterKeyStore Location:  type JKS
2026-02-12 03:25:32,084 INFO o.a.j.u.SSLManager: KeyStore created OK
2026-02-12 03:25:32,084 WARN o.a.j.u.SSLManager: Keystore file not found, loading empty keystore
2026-02-12 03:25:33,767 INFO o.a.j.t.JMeterThread: Thread started: api_performance-ThreadStarter 1-2
2026-02-12 03:25:35,772 INFO o.a.j.t.JMeterThread: Thread started: api_performance-ThreadStarter 1-3
2026-02-12 03:25:37,800 INFO o.a.j.t.JMeterThread: Thread started: api_performance-ThreadStarter 1-4
2026-02-12 03:25:39,815 INFO o.a.j.t.JMeterThread: Thread started: api_performance-ThreadStarter 1-5
2026-02-12 03:26:11,350 INFO c.b.j.t.c.ConcurrencyThreadStarter: Done supplying threads
2026-02-12 03:26:11,351 INFO o.a.j.t.JMeterThread: Thread is done: api_performance-ThreadStarter 1-1
2026-02-12 03:26:11,351 INFO o.a.j.t.JMeterThread: Thread finished: api_performance-ThreadStarter 1-1
2026-02-12 03:26:11,355 INFO o.a.j.t.JMeterThread: Thread is done: api_performance-ThreadStarter 1-5
2026-02-12 03:26:11,355 INFO o.a.j.t.JMeterThread: Thread finished: api_performance-ThreadStarter 1-5
2026-02-12 03:26:11,357 INFO o.a.j.t.JMeterThread: Thread is done: api_performance-ThreadStarter 1-3
2026-02-12 03:26:11,357 INFO o.a.j.t.JMeterThread: Thread finished: api_performance-ThreadStarter 1-3
2026-02-12 03:26:11,363 INFO o.a.j.t.JMeterThread: Thread is done: api_performance-ThreadStarter 1-2
2026-02-12 03:26:11,363 INFO o.a.j.t.JMeterThread: Thread is done: api_performance-ThreadStarter 1-4
2026-02-12 03:26:11,364 INFO o.a.j.t.JMeterThread: Thread finished: api_performance-ThreadStarter 1-2
2026-02-12 03:26:11,364 INFO o.a.j.t.JMeterThread: Thread finished: api_performance-ThreadStarter 1-4
2026-02-12 03:26:11,364 INFO o.a.j.e.StandardJMeterEngine: Notifying test listeners of end of test
2026-02-12 03:26:11,367 INFO o.a.j.e.StandardJMeterEngine: Forced JVM shutdown requested at end of test
