2026-02-12 03:25:27,539 INFO o.a.j.u.JMeterUtils: Setting Locale to en_EN
2026-02-12 03:25:27,593 INFO o.a.j.JMeter: Loading user properties from: C:\Users\maxma\.bzt\jmeter-taurus\5.5\bin\user.properties
2026-02-12 03:25:27,593 INFO o.a.j.JMeter: Loading system properties from: C:\Users\maxma\.bzt\jmeter-taurus\5.5\bin\system.properties
2026-02-12 03:25:27,593 INFO o.a.j.JMeter: Loading additional properties from: C:\Users\maxma\Desktop\1\2026-02-12_03-25-04.457645\jmeter-bzt-1.properties
2026-02-12 03:25:27,609 INFO o.a.j.JMeter: Setting System properties from file: C:\Users\maxma\Desktop\1\2026-02-12_03-25-04.457645\system-1.properties
2026-02-12 03:25:27,656 INFO o.a.j.JMeter: Copyright (c) 1998-2022 The Apache Software Foundation
2026-02-12 03:25:27,656 INFO o.a.j.JMeter: Version 5.5
2026-02-12 03:25:27,656 INFO o.a.j.JMeter: java.version=21.0.2
2026-02-12 03:25:27,656 INFO o.a.j.JMeter: java.vm.name=OpenJDK 64-Bit Server VM
2026-02-12 03:25:27,656 INFO o.a.j.JMeter: os.name=Windows 10
2026-02-12 03:25:27,656 INFO o.a.j.JMeter: os.arch=amd64
2026-02-12 03:25:27,656 INFO o.a.j.JMeter: os.version=10.0
2026-02-12 03:25:27,656 INFO o.a.j.JMeter: file.encoding=UTF-8
2026-02-12 03:25:27,656 INFO o.a.j.JMeter: java.awt.headless=true
2026-02-12 03:25:27,656 INFO o.a.j.JMeter: Max memory     =1073741824
2026-02-12 03:25:27,656 INFO o.a.j.JMeter: Available Processors =4
2026-02-12 03:25:27,687 INFO o.a.j.JMeter: Default Locale=English (EN)
2026-02-12 03:25:27,687 INFO o.a.j.JMeter: JMeter  Locale=English (EN)
2026-02-12 03:25:27,687 INFO o.a.j.JMeter: JMeterHome=C:\Users\maxma\.bzt\jmeter-taurus\5.5
2026-02-12 03:25:27,687 INFO o.a.j.JMeter: user.dir  =C:\Users\maxma\Desktop\1
2026-02-12 03:25:27,687 INFO o.a.j.JMeter: PWD       =C:\Users\maxma\Desktop\1
2026-02-12 03:25:27,687 INFO o.a.j.JMeter: IP: 192.168.8.100 Name: DESKTOP-VGNO04O FullName: 192.168.8.100
2026-02-12 03:25:27,687 INFO o.a.j.JMeter: user.classpath=C:/Users/maxma/Desktop/1/2026-02-12_03-25-04.457645;C:/Users/maxma/Desktop/1/2026-02-12_03-25-04.457645
2026-02-12 03:25:27,687 INFO o.a.j.JMeter: Adding to classpath and loader: C:/Users/maxma/Desktop/1/2026-02-12_03-25-04.457645
2026-02-12 03:25:27,687 INFO o.a.j.JMeter: Adding to classpath and loader: C:/Users/maxma/Desktop/1/2026-02-12_03-25-04.457645
2026-02-12 03:25:27,758 INFO o.a.j.s.FileServer: Default base='C:\Users\maxma\Desktop\1'
2026-02-12 03:25:27,759 INFO o.a.j.s.FileServer: Set new base='C:\Users\maxma\Desktop\1\2026-02-12_03-25-04.457645'
2026-02-12 03:25:28,997 INFO o.a.j.s.SaveService: Testplan (JMX) version: 2.2. Testlog (JTL) version: 2.2
2026-02-12 03:25:29,162 INFO o.a.j.s.SaveService: Using SaveService properties version 5.0
2026-02-12 03:25:29,180 INFO o.a.j.s.SaveService: Using SaveService properties file encoding UTF-8
2026-02-12 03:25:29,182 INFO o.a.j.s.SaveService: Loading file: C:\Users\maxma\Desktop\1\2026-02-12_03-25-04.457645\modified_requests-1.jmx
2026-02-12 03:25:29,345 INFO o.a.j.p.h.c.CacheManager: Will only cache the following methods: [GET]
2026-02-12 03:25:29,349 INFO o.a.j.p.h.c.CookieManager: Settings: Delete null: true Check: true Allow variable: true Save: false Prefix: COOKIE_
2026-02-12 03:25:29,457 INFO o.a.j.p.h.s.HTTPSamplerBase: Parser for text/html is org.apache.jmeter.protocol.http.parser.LagartoBasedHtmlParser
2026-02-12 03:25:29,458 INFO o.a.j.p.h.s.HTTPSamplerBase: Parser for application/xhtml+xml is org.apache.jmeter.protocol.http.parser.LagartoBasedHtmlParser
2026-02-12 03:25:29,458 INFO o.a.j.p.h.s.HTTPSamplerBase: Parser for application/xml is org.apache.jmeter.protocol.http.parser.LagartoBasedHtmlParser
2026-02-12 03:25:29,458 INFO o.a.j.p.h.s.HTTPSamplerBase: Parser for text/xml is org.apache.jmeter.protocol.http.parser.LagartoBasedHtmlParser
2026-02-12 03:25:29,459 INFO o.a.j.p.h.s.HTTPSamplerBase: Parser for text/vnd.wap.wml is org.apache.jmeter.protocol.http.parser.RegexpHTMLParser
2026-02-12 03:25:29,459 INFO o.a.j.p.h.s.HTTPSamplerBase: Parser for text/css is org.apache.jmeter.protocol.http.parser.CssParser
2026-02-12 03:25:29,686 INFO o.a.j.e.StandardJMeterEngine: Running the test!
2026-02-12 03:25:29,688 INFO o.a.j.s.SampleEvent: List of sample_variables: []
2026-02-12 03:25:29,688 INFO o.a.j.s.SampleEvent: List of sample_variables: []
2026-02-12 03:25:29,697 INFO o.a.j.e.u.CompoundVariable: Note: Function class names must contain the string: '.functions.'
2026-02-12 03:25:29,697 INFO o.a.j.e.u.CompoundVariable: Note: Function class names must not contain the string: '.gui.'
2026-02-12 03:25:30,836 INFO o.a.j.JMeter: Running test (1770863130836)
2026-02-12 03:25:30,877 INFO o.a.j.e.StandardJMeterEngine: Starting ThreadGroup: 1 : load_test
2026-02-12 03:25:30,877 INFO o.a.j.e.StandardJMeterEngine: Starting 10 threads for group load_test.
2026-02-12 03:25:30,877 INFO o.a.j.e.StandardJMeterEngine: Thread will continue on error
2026-02-12 03:25:30,882 INFO o.a.j.e.StandardJMeterEngine: All thread groups have been started
2026-02-12 03:25:30,886 INFO c.b.j.t.c.ConcurrencyThreadStarter: Start supplying threads
2026-02-12 03:25:32,400 INFO o.a.j.s.SampleResult: Note: Sample TimeStamps are START times
2026-02-12 03:25:32,400 INFO o.a.j.s.SampleResult: sampleresult.default.encoding is set to UTF-8
2026-02-12 03:25:32,419 INFO o.a.j.t.JMeterThread: Thread started: load_test-ThreadStarter 1-1
2026-02-12 03:25:32,419 INFO o.a.j.s.SampleResult: sampleresult.useNanoTime=true
2026-02-12 03:25:32,419 INFO o.a.j.s.SampleResult: sampleresult.nanoThreadSleep=5000
2026-02-12 03:25:32,433 WARN k.a.j.t.VariableThroughputTimer: No free threads available in current Thread Group load_test, made 0 samples/s for expected rps 1.0 samples/s, increase your number of threads
2026-02-12 03:25:32,509 INFO o.a.j.p.h.s.HTTPHCAbstractImpl: Local host = DESKTOP-VGNO04O
2026-02-12 03:25:32,526 INFO o.a.j.p.h.s.HTTPHC4Impl: HTTP request retry count = 0
2026-02-12 03:25:32,793 INFO o.a.j.p.h.s.h.LazyLayeredConnectionSocketFactory: Setting up HTTPS TrustAll Socket Factory
2026-02-12 03:25:32,824 INFO o.a.j.u.JsseSSLManager: Using default SSL protocol: TLS
2026-02-12 03:25:32,824 INFO o.a.j.u.JsseSSLManager: SSL session context: per-thread
2026-02-12 03:25:33,066 INFO o.a.j.u.SSLManager: JmeterKeyStore Location:  type JKS
2026-02-12 03:25:33,083 INFO o.a.j.u.SSLManager: KeyStore created OK
2026-02-12 03:25:33,083 WARN o.a.j.u.SSLManager: Keystore file not found, loading empty keystore
2026-02-12 03:25:34,115 WARN k.a.j.t.VariableThroughputTimer: No free threads available in current Thread Group load_test, made 1 samples/s for expected rps 7.6 samples/s, increase your number of threads
2026-02-12 03:25:35,141 WARN k.a.j.t.VariableThroughputTimer: No free threads available in current Thread Group load_test, made 8 samples/s for expected rps 10.9 samples/s, increase your number of threads
2026-02-12 03:25:35,469 INFO o.a.j.t.JMeterThread: Thread started: load_test-ThreadStarter 1-2
2026-02-12 03:25:38,700 INFO o.a.j.t.JMeterThread: Thread started: load_test-ThreadStarter 1-3
2026-02-12 03:25:41,519 INFO o.a.j.t.JMeterThread: Thread started: load_test-ThreadStarter 1-4
2026-02-12 03:25:44,531 INFO o.a.j.t.JMeterThread: Thread started: load_test-ThreadStarter 1-5
2026-02-12 03:25:47,554 INFO o.a.j.t.JMeterThread: Thread started: load_test-ThreadStarter 1-6
2026-02-12 03:25:50,558 INFO o.a.j.t.JMeterThread: Thread started: load_test-ThreadStarter 1-7
2026-02-12 03:25:53,645 INFO o.a.j.t.JMeterThread: Thread started: load_test-ThreadStarter 1-8
2026-02-12 03:25:56,605 INFO o.a.j.t.JMeterThread: Thread started: load_test-ThreadStarter 1-9
2026-02-12 03:25:59,612 INFO o.a.j.t.JMeterThread: Thread started: load_test-ThreadStarter 1-10
2026-02-12 03:26:09,000 WARN k.a.j.t.VariableThroughputTimer: No free threads available in current Thread Group load_test, made 99 samples/s for expected rps 100.0 samples/s, increase your number of threads
2026-02-12 03:28:01,831 INFO c.b.j.t.c.ConcurrencyThreadStarter: Done supplying threads
2026-02-12 03:28:01,842 INFO o.a.j.t.JMeterThread: Thread is done: load_test-ThreadStarter 1-7
2026-02-12 03:28:01,842 INFO o.a.j.t.JMeterThread: Thread finished: load_test-ThreadStarter 1-7
2026-02-12 03:28:01,844 INFO o.a.j.t.JMeterThread: Thread is done: load_test-ThreadStarter 1-1
2026-02-12 03:28:01,844 INFO o.a.j.t.JMeterThread: Thread finished: load_test-ThreadStarter 1-1
2026-02-12 03:28:01,867 INFO o.a.j.t.JMeterThread: Thread is done: load_test-ThreadStarter 1-8
2026-02-12 03:28:01,867 INFO o.a.j.t.JMeterThread: Thread finished: load_test-ThreadStarter 1-8
2026-02-12 03:28:01,868 INFO o.a.j.t.JMeterThread: Thread is done: load_test-ThreadStarter 1-5
2026-02-12 03:28:01,868 INFO o.a.j.t.JMeterThread: Thread finished: load_test-ThreadStarter 1-5
2026-02-12 03:28:01,897 INFO o.a.j.t.JMeterThread: Thread is done: load_test-ThreadStarter 1-2
2026-02-12 03:28:01,897 INFO o.a.j.t.JMeterThread: Thread finished: load_test-ThreadStarter 1-2
2026-02-12 03:28:01,897 INFO o.a.j.t.JMeterThread: Thread is done: load_test-ThreadStarter 1-9
2026-02-12 03:28:01,897 INFO o.a.j.t.JMeterThread: Thread is done: load_test-ThreadStarter 1-4
2026-02-12 03:28:01,898 INFO o.a.j.t.JMeterThread: Thread finished: load_test-ThreadStarter 1-9
2026-02-12 03:28:01,898 INFO o.a.j.t.JMeterThread: Thread finished: load_test-ThreadStarter 1-4
2026-02-12 03:28:01,931 INFO o.a.j.t.JMeterThread: Thread is done: load_test-ThreadStarter 1-3
2026-02-12 03:28:01,931 INFO o.a.j.t.JMeterThread: Thread finished: load_test-ThreadStarter 1-3
2026-02-12 03:28:01,931 INFO o.a.j.t.JMeterThread: Thread is done: load_test-ThreadStarter 1-6
2026-02-12 03:28:01,931 INFO o.a.j.t.JMeterThread: Thread finished: load_test-ThreadStarter 1-6
2026-02-12 03:28:01,931 INFO o.a.j.t.JMeterThread: Thread is done: load_test-ThreadStarter 1-10
2026-02-12 03:28:01,931 INFO o.a.j.t.JMeterThread: Thread finished: load_test-ThreadStarter 1-10
2026-02-12 03:28:01,931 INFO o.a.j.e.StandardJMeterEngine: Notifying test listeners of end of test
2026-02-12 03:28:01,947 INFO o.a.j.e.StandardJMeterEngine: Forced JVM shutdown requested at end of test
